This is pdfTeX, Version 3.14159265-2.6-1.40.20 (TeX Live 2019) (preloaded format=pdflatex 2019.11.19)  3 AUG 2020 15:15
entering extended mode
 restricted \write18 enabled.
 %&-line parsing enabled.
**thesis.tex
(./thesis.tex
LaTeX2e <2018-12-01>
(/usr/local/texlive/2019/texmf-dist/tex/latex/base/report.cls
Document Class: report 2018/09/03 v1.4i Standard LaTeX document class
(/usr/local/texlive/2019/texmf-dist/tex/latex/base/size11.clo
File: size11.clo 2018/09/03 v1.4i Standard LaTeX file (size option)
)
\c@part=\count80
\c@chapter=\count81
\c@section=\count82
\c@subsection=\count83
\c@subsubsection=\count84
\c@paragraph=\count85
\c@subparagraph=\count86
\c@figure=\count87
\c@table=\count88
\abovecaptionskip=\skip41
\belowcaptionskip=\skip42
\bibindent=\dimen102
)
(/usr/local/texlive/2019/texmf-dist/tex/latex/base/inputenc.sty
Package: inputenc 2018/08/11 v1.3c Input encoding file
\inpenc@prehook=\toks14
\inpenc@posthook=\toks15
)
(/usr/local/texlive/2019/texmf-dist/tex/latex/amsmath/amsmath.sty
Package: amsmath 2018/12/01 v2.17b AMS math features
\@mathmargin=\skip43

For additional information on amsmath, use the `?' option.
(/usr/local/texlive/2019/texmf-dist/tex/latex/amsmath/amstext.sty
Package: amstext 2000/06/29 v2.01 AMS text

(/usr/local/texlive/2019/texmf-dist/tex/latex/amsmath/amsgen.sty
File: amsgen.sty 1999/11/30 v2.0 generic functions
\@emptytoks=\toks16
\ex@=\dimen103
))
(/usr/local/texlive/2019/texmf-dist/tex/latex/amsmath/amsbsy.sty
Package: amsbsy 1999/11/29 v1.2d Bold Symbols
\pmbraise@=\dimen104
)
(/usr/local/texlive/2019/texmf-dist/tex/latex/amsmath/amsopn.sty
Package: amsopn 2016/03/08 v2.02 operator names
)
\inf@bad=\count89
LaTeX Info: Redefining \frac on input line 223.
\uproot@=\count90
\leftroot@=\count91
LaTeX Info: Redefining \overline on input line 385.
\classnum@=\count92
\DOTSCASE@=\count93
LaTeX Info: Redefining \ldots on input line 482.
LaTeX Info: Redefining \dots on input line 485.
LaTeX Info: Redefining \cdots on input line 606.
\Mathstrutbox@=\box27
\strutbox@=\box28
\big@size=\dimen105
LaTeX Font Info:    Redeclaring font encoding OML on input line 729.
LaTeX Font Info:    Redeclaring font encoding OMS on input line 730.
\macc@depth=\count94
\c@MaxMatrixCols=\count95
\dotsspace@=\muskip10
\c@parentequation=\count96
\dspbrk@lvl=\count97
\tag@help=\toks17
\row@=\count98
\column@=\count99
\maxfields@=\count100
\andhelp@=\toks18
\eqnshift@=\dimen106
\alignsep@=\dimen107
\tagshift@=\dimen108
\tagwidth@=\dimen109
\totwidth@=\dimen110
\lineht@=\dimen111
\@envbody=\toks19
\multlinegap=\skip44
\multlinetaggap=\skip45
\mathdisplay@stack=\toks20
LaTeX Info: Redefining \[ on input line 2844.
LaTeX Info: Redefining \] on input line 2845.
)
(/usr/local/texlive/2019/texmf-dist/tex/latex/amsfonts/amssymb.sty
Package: amssymb 2013/01/14 v3.01 AMS font symbols

(/usr/local/texlive/2019/texmf-dist/tex/latex/amsfonts/amsfonts.sty
Package: amsfonts 2013/01/14 v3.01 Basic AMSFonts support
\symAMSa=\mathgroup4
\symAMSb=\mathgroup5
LaTeX Font Info:    Overwriting math alphabet `\mathfrak' in version `bold'
(Font)                  U/euf/m/n --> U/euf/b/n on input line 106.
))
(/usr/local/texlive/2019/texmf-dist/tex/latex/float/float.sty
Package: float 2001/11/08 v1.3d Float enhancements (AL)
\c@float@type=\count101
\float@exts=\toks21
\float@box=\box29
\@float@everytoks=\toks22
\@floatcapt=\box30
)
(/usr/local/texlive/2019/texmf-dist/tex/latex/booktabs/booktabs.sty
Package: booktabs 2016/04/27 v1.618033 publication quality tables
\heavyrulewidth=\dimen112
\lightrulewidth=\dimen113
\cmidrulewidth=\dimen114
\belowrulesep=\dimen115
\belowbottomsep=\dimen116
\aboverulesep=\dimen117
\abovetopsep=\dimen118
\cmidrulesep=\dimen119
\cmidrulekern=\dimen120
\defaultaddspace=\dimen121
\@cmidla=\count102
\@cmidlb=\count103
\@aboverulesep=\dimen122
\@belowrulesep=\dimen123
\@thisruleclass=\count104
\@lastruleclass=\count105
\@thisrulewidth=\dimen124
)
(./feupteses.sty
Package: feupteses 2017/10/02 1.1.2 

Document Style `FEUP Teses' 1.1.2 <2017/10/02>
(/usr/local/texlive/2019/texmf-dist/tex/generic/oberdiek/ifpdf.sty
Package: ifpdf 2018/09/07 v3.3 Provides the ifpdf switch
)
(/usr/local/texlive/2019/texmf-dist/tex/latex/base/fontenc.sty
Package: fontenc 2018/08/11 v2.0j Standard LaTeX package

(/usr/local/texlive/2019/texmf-dist/tex/latex/base/t1enc.def
File: t1enc.def 2018/08/11 v2.0j Standard LaTeX file
LaTeX Font Info:    Redeclaring font encoding T1 on input line 48.
))
(/usr/local/texlive/2019/texmf-dist/tex/generic/babel/babel.sty
Package: babel 2019/05/04 3.31 The Babel package

(/usr/local/texlive/2019/texmf-dist/tex/generic/babel/switch.def
File: switch.def 2019/05/04 3.31 Babel switching mechanism
)
(/usr/local/texlive/2019/texmf-dist/tex/generic/babel-english/english.ldf
Language: english 2017/06/06 v3.3r English support from the babel system

(/usr/local/texlive/2019/texmf-dist/tex/generic/babel/babel.def
File: babel.def 2019/05/04 3.31 Babel common definitions
\babel@savecnt=\count106
\U@D=\dimen125

(/usr/local/texlive/2019/texmf-dist/tex/generic/babel/txtbabel.def)
\bbl@dirlevel=\count107
)
\l@canadian = a dialect from \language\l@american 
\l@australian = a dialect from \language\l@british 
\l@newzealand = a dialect from \language\l@british 
))
(/usr/local/texlive/2019/texmf-dist/tex/latex/geometry/geometry.sty
Package: geometry 2018/04/16 v5.8 Page Geometry

(/usr/local/texlive/2019/texmf-dist/tex/latex/graphics/keyval.sty
Package: keyval 2014/10/28 v1.15 key=value parser (DPC)
\KV@toks@=\toks23
)
(/usr/local/texlive/2019/texmf-dist/tex/generic/oberdiek/ifvtex.sty
Package: ifvtex 2016/05/16 v1.6 Detect VTeX and its facilities (HO)
Package ifvtex Info: VTeX not detected.
)
(/usr/local/texlive/2019/texmf-dist/tex/generic/ifxetex/ifxetex.sty
Package: ifxetex 2010/09/12 v0.6 Provides ifxetex conditional
)
\Gm@cnth=\count108
\Gm@cntv=\count109
\c@Gm@tempcnt=\count110
\Gm@bindingoffset=\dimen126
\Gm@wd@mp=\dimen127
\Gm@odd@mp=\dimen128
\Gm@even@mp=\dimen129
\Gm@layoutwidth=\dimen130
\Gm@layoutheight=\dimen131
\Gm@layouthoffset=\dimen132
\Gm@layoutvoffset=\dimen133
\Gm@dimlist=\toks24
)
(/usr/local/texlive/2019/texmf-dist/tex/latex/psnfss/mathptmx.sty
Package: mathptmx 2005/04/12 PSNFSS-v9.2a Times w/ Math, improved (SPQR, WaS) 
LaTeX Font Info:    Redeclaring symbol font `operators' on input line 28.
LaTeX Font Info:    Overwriting symbol font `operators' in version `normal'
(Font)                  OT1/cmr/m/n --> OT1/ztmcm/m/n on input line 28.
LaTeX Font Info:    Overwriting symbol font `operators' in version `bold'
(Font)                  OT1/cmr/bx/n --> OT1/ztmcm/m/n on input line 28.
LaTeX Font Info:    Redeclaring symbol font `letters' on input line 29.
LaTeX Font Info:    Overwriting symbol font `letters' in version `normal'
(Font)                  OML/cmm/m/it --> OML/ztmcm/m/it on input line 29.
LaTeX Font Info:    Overwriting symbol font `letters' in version `bold'
(Font)                  OML/cmm/b/it --> OML/ztmcm/m/it on input line 29.
LaTeX Font Info:    Redeclaring symbol font `symbols' on input line 30.
LaTeX Font Info:    Overwriting symbol font `symbols' in version `normal'
(Font)                  OMS/cmsy/m/n --> OMS/ztmcm/m/n on input line 30.
LaTeX Font Info:    Overwriting symbol font `symbols' in version `bold'
(Font)                  OMS/cmsy/b/n --> OMS/ztmcm/m/n on input line 30.
LaTeX Font Info:    Redeclaring symbol font `largesymbols' on input line 31.
LaTeX Font Info:    Overwriting symbol font `largesymbols' in version `normal'
(Font)                  OMX/cmex/m/n --> OMX/ztmcm/m/n on input line 31.
LaTeX Font Info:    Overwriting symbol font `largesymbols' in version `bold'
(Font)                  OMX/cmex/m/n --> OMX/ztmcm/m/n on input line 31.
\symbold=\mathgroup6
\symitalic=\mathgroup7
LaTeX Font Info:    Redeclaring math alphabet \mathbf on input line 34.
LaTeX Font Info:    Overwriting math alphabet `\mathbf' in version `normal'
(Font)                  OT1/cmr/bx/n --> OT1/ptm/bx/n on input line 34.
LaTeX Font Info:    Overwriting math alphabet `\mathbf' in version `bold'
(Font)                  OT1/cmr/bx/n --> OT1/ptm/bx/n on input line 34.
LaTeX Font Info:    Redeclaring math alphabet \mathit on input line 35.
LaTeX Font Info:    Overwriting math alphabet `\mathit' in version `normal'
(Font)                  OT1/cmr/m/it --> OT1/ptm/m/it on input line 35.
LaTeX Font Info:    Overwriting math alphabet `\mathit' in version `bold'
(Font)                  OT1/cmr/bx/it --> OT1/ptm/m/it on input line 35.
LaTeX Info: Redefining \hbar on input line 50.
)
(/usr/local/texlive/2019/texmf-dist/tex/latex/courier-scaled/couriers.sty
Package: couriers 2004/07/10 Scaled Courier (HS) 
)
(/usr/local/texlive/2019/texmf-dist/tex/latex/psnfss/helvet.sty
Package: helvet 2005/04/12 PSNFSS-v9.2a (WaS) 
)
(/usr/local/texlive/2019/texmf-dist/tex/latex/graphics/graphicx.sty
Package: graphicx 2017/06/01 v1.1a Enhanced LaTeX Graphics (DPC,SPQR)

(/usr/local/texlive/2019/texmf-dist/tex/latex/graphics/graphics.sty
Package: graphics 2017/06/25 v1.2c Standard LaTeX Graphics (DPC,SPQR)

(/usr/local/texlive/2019/texmf-dist/tex/latex/graphics/trig.sty
Package: trig 2016/01/03 v1.10 sin cos tan (DPC)
)
(/usr/local/texlive/2019/texmf-dist/tex/latex/graphics-cfg/graphics.cfg
File: graphics.cfg 2016/06/04 v1.11 sample graphics configuration
)
Package graphics Info: Driver file: pdftex.def on input line 99.

(/usr/local/texlive/2019/texmf-dist/tex/latex/graphics-def/pdftex.def
File: pdftex.def 2018/01/08 v1.0l Graphics/color driver for pdftex
))
\Gin@req@height=\dimen134
\Gin@req@width=\dimen135
)
(/usr/local/texlive/2019/texmf-dist/tex/latex/url/url.sty
\Urlmuskip=\muskip11
Package: url 2013/09/16  ver 3.4  Verb mode for urls, etc.
)
(/usr/local/texlive/2019/texmf-dist/tex/latex/setspace/setspace.sty
Package: setspace 2011/12/19 v6.7a set line spacing
)
(/usr/local/texlive/2019/texmf-dist/tex/latex/base/makeidx.sty
Package: makeidx 2014/09/29 v1.0m Standard LaTeX package
)
(/usr/local/texlive/2019/texmf-dist/tex/latex/caption/caption.sty
Package: caption 2018/10/06 v3.3-154 Customizing captions (AR)

(/usr/local/texlive/2019/texmf-dist/tex/latex/caption/caption3.sty
Package: caption3 2018/09/12 v1.8c caption3 kernel (AR)
Package caption3 Info: TeX engine: e-TeX on input line 64.
\captionmargin=\dimen136
\captionmargin@=\dimen137
\captionwidth=\dimen138
\caption@tempdima=\dimen139
\caption@indent=\dimen140
\caption@parindent=\dimen141
\caption@hangindent=\dimen142
)
\c@caption@flags=\count111
\c@ContinuedFloat=\count112
Package caption Info: float package is loaded.
)
(./lineno.sty
Package: lineno 2005/11/02 line numbers on paragraphs v4.41
\linenopenalty=\count113
\output=\toks25
\linenoprevgraf=\count114
\linenumbersep=\dimen143
\linenumberwidth=\dimen144
\c@linenumber=\count115
\c@pagewiselinenumber=\count116
\c@LN@truepage=\count117
\c@internallinenumber=\count118
\c@internallinenumbers=\count119
\quotelinenumbersep=\dimen145
\bframerule=\dimen146
\bframesep=\dimen147
\bframebox=\box31
LaTeX Info: Redefining \\ on input line 3056.
)
\@vivatext=\box32
\@supervisorstext=\box33

(/usr/local/texlive/2019/texmf-dist/tex/latex/fancyhdr/fancyhdr.sty
Package: fancyhdr 2019/01/31 v3.10 Extensive control of page headers and footer
s
\f@nch@headwidth=\skip46
\f@nch@O@elh=\skip47
\f@nch@O@erh=\skip48
\f@nch@O@olh=\skip49
\f@nch@O@orh=\skip50
\f@nch@O@elf=\skip51
\f@nch@O@erf=\skip52
\f@nch@O@olf=\skip53
\f@nch@O@orf=\skip54
)
(/usr/local/texlive/2019/texmf-dist/tex/latex/hyperref/hyperref.sty
Package: hyperref 2018/11/30 v6.88e Hypertext links for LaTeX

(/usr/local/texlive/2019/texmf-dist/tex/generic/oberdiek/hobsub-hyperref.sty
Package: hobsub-hyperref 2016/05/16 v1.14 Bundle oberdiek, subset hyperref (HO)


(/usr/local/texlive/2019/texmf-dist/tex/generic/oberdiek/hobsub-generic.sty
Package: hobsub-generic 2016/05/16 v1.14 Bundle oberdiek, subset generic (HO)
Package: hobsub 2016/05/16 v1.14 Construct package bundles (HO)
Package: infwarerr 2016/05/16 v1.4 Providing info/warning/error messages (HO)
Package: ltxcmds 2016/05/16 v1.23 LaTeX kernel commands for general use (HO)
Package: ifluatex 2016/05/16 v1.4 Provides the ifluatex switch (HO)
Package ifluatex Info: LuaTeX not detected.
Package hobsub Info: Skipping package `ifvtex' (already loaded).
Package: intcalc 2016/05/16 v1.2 Expandable calculations with integers (HO)
Package hobsub Info: Skipping package `ifpdf' (already loaded).
Package: etexcmds 2016/05/16 v1.6 Avoid name clashes with e-TeX commands (HO)
Package: kvsetkeys 2016/05/16 v1.17 Key value parser (HO)
Package: kvdefinekeys 2016/05/16 v1.4 Define keys (HO)
Package: pdftexcmds 2018/09/10 v0.29 Utility functions of pdfTeX for LuaTeX (HO
)
Package pdftexcmds Info: LuaTeX not detected.
Package pdftexcmds Info: \pdf@primitive is available.
Package pdftexcmds Info: \pdf@ifprimitive is available.
Package pdftexcmds Info: \pdfdraftmode found.
Package: pdfescape 2016/05/16 v1.14 Implements pdfTeX's escape features (HO)
Package: bigintcalc 2016/05/16 v1.4 Expandable calculations on big integers (HO
)
Package: bitset 2016/05/16 v1.2 Handle bit-vector datatype (HO)
Package: uniquecounter 2016/05/16 v1.3 Provide unlimited unique counter (HO)
)
Package hobsub Info: Skipping package `hobsub' (already loaded).
Package: letltxmacro 2016/05/16 v1.5 Let assignment for LaTeX macros (HO)
Package: hopatch 2016/05/16 v1.3 Wrapper for package hooks (HO)
Package: xcolor-patch 2016/05/16 xcolor patch
Package: atveryend 2016/05/16 v1.9 Hooks at the very end of document (HO)
Package atveryend Info: \enddocument detected (standard20110627).
Package: atbegshi 2016/06/09 v1.18 At begin shipout hook (HO)
Package: refcount 2016/05/16 v3.5 Data extraction from label references (HO)
Package: hycolor 2016/05/16 v1.8 Color options for hyperref/bookmark (HO)
)
(/usr/local/texlive/2019/texmf-dist/tex/latex/oberdiek/auxhook.sty
Package: auxhook 2016/05/16 v1.4 Hooks for auxiliary files (HO)
)
(/usr/local/texlive/2019/texmf-dist/tex/latex/oberdiek/kvoptions.sty
Package: kvoptions 2016/05/16 v3.12 Key value format for package options (HO)
)
\@linkdim=\dimen148
\Hy@linkcounter=\count120
\Hy@pagecounter=\count121

(/usr/local/texlive/2019/texmf-dist/tex/latex/hyperref/pd1enc.def
File: pd1enc.def 2018/11/30 v6.88e Hyperref: PDFDocEncoding definition (HO)
Now handling font encoding PD1 ...
... no UTF-8 mapping file for font encoding PD1
)
\Hy@SavedSpaceFactor=\count122

(/usr/local/texlive/2019/texmf-dist/tex/latex/latexconfig/hyperref.cfg
File: hyperref.cfg 2002/06/06 v1.2 hyperref configuration of TeXLive
)
Package hyperref Info: Option `pdfpagelabels' set `true' on input line 4393.
Package hyperref Info: Option `bookmarks' set `true' on input line 4393.
Package hyperref Info: Option `hyperindex' set `true' on input line 4393.
Package hyperref Info: Option `hyperfigures' set `true' on input line 4393.
Package hyperref Info: Hyper figures ON on input line 4517.
Package hyperref Info: Link nesting OFF on input line 4524.
Package hyperref Info: Hyper index ON on input line 4527.
Package hyperref Info: Plain pages OFF on input line 4534.
Package hyperref Info: Backreferencing OFF on input line 4539.
Package hyperref Info: Implicit mode ON; LaTeX internals redefined.
Package hyperref Info: Bookmarks ON on input line 4772.
\c@Hy@tempcnt=\count123
LaTeX Info: Redefining \url on input line 5125.
\XeTeXLinkMargin=\dimen149
\Fld@menulength=\count124
\Field@Width=\dimen150
\Fld@charsize=\dimen151
Package hyperref Info: Hyper figures ON on input line 6378.
Package hyperref Info: Link nesting OFF on input line 6385.
Package hyperref Info: Hyper index ON on input line 6388.
Package hyperref Info: backreferencing OFF on input line 6395.
Package hyperref Info: Link coloring OFF on input line 6400.
Package hyperref Info: Link coloring with OCG OFF on input line 6405.
Package hyperref Info: PDF/A mode OFF on input line 6410.
LaTeX Info: Redefining \ref on input line 6450.
LaTeX Info: Redefining \pageref on input line 6454.
\Hy@abspage=\count125
\c@Item=\count126
\c@Hfootnote=\count127
)
Package hyperref Info: Driver: hpdftex.

(/usr/local/texlive/2019/texmf-dist/tex/latex/hyperref/hpdftex.def
File: hpdftex.def 2018/11/30 v6.88e Hyperref driver for pdfTeX
\Fld@listcount=\count128
\c@bookmark@seq@number=\count129

(/usr/local/texlive/2019/texmf-dist/tex/latex/oberdiek/rerunfilecheck.sty
Package: rerunfilecheck 2016/05/16 v1.8 Rerun checks for auxiliary files (HO)
Package uniquecounter Info: New unique counter `rerunfilecheck' on input line 2
82.
)
\Hy@SectionHShift=\skip55
)
Package hyperref Info: Option `plainpages' set `false' on input line 518.
Package hyperref Info: Option `bookmarksopen' set `false' on input line 518.
Package hyperref Info: Option `bookmarksnumbered' set `true' on input line 518.

Package hyperref Info: Option `breaklinks' set `true' on input line 518.
Package hyperref Info: Option `linktocpage' set `true' on input line 518.
Package hyperref Info: Option `colorlinks' set `true' on input line 518.
)
(/usr/local/texlive/2019/texmf-dist/tex/latex/multirow/multirow.sty
Package: multirow 2019/01/01 v2.4 Span multiple rows of a table
\multirow@colwidth=\skip56
\multirow@cntb=\count130
\multirow@dima=\skip57
\bigstrutjot=\dimen152
)
\@input{mymacros.aux}
\openout2 = `mymacros.aux'.

(./mymacros.tex) (./thesis.aux (./abstract.aux) (./abbrevs.aux) (./chapter1.aux
) (./chapter2.aux) (./chapter4.aux) (./chapter5.aux) (./chapter6.aux)
(./chapter7.aux))
\openout1 = `thesis.aux'.

LaTeX Font Info:    Checking defaults for OML/cmm/m/it on input line 71.
LaTeX Font Info:    ... okay on input line 71.
LaTeX Font Info:    Checking defaults for T1/cmr/m/n on input line 71.
LaTeX Font Info:    ... okay on input line 71.
LaTeX Font Info:    Checking defaults for OT1/cmr/m/n on input line 71.
LaTeX Font Info:    ... okay on input line 71.
LaTeX Font Info:    Checking defaults for OMS/cmsy/m/n on input line 71.
LaTeX Font Info:    ... okay on input line 71.
LaTeX Font Info:    Checking defaults for OMX/cmex/m/n on input line 71.
LaTeX Font Info:    ... okay on input line 71.
LaTeX Font Info:    Checking defaults for U/cmr/m/n on input line 71.
LaTeX Font Info:    ... okay on input line 71.
LaTeX Font Info:    Checking defaults for PD1/pdf/m/n on input line 71.
LaTeX Font Info:    ... okay on input line 71.
LaTeX Font Info:    Try loading font information for T1+ptm on input line 71.
 (/usr/local/texlive/2019/texmf-dist/tex/latex/psnfss/t1ptm.fd
File: t1ptm.fd 2001/06/04 font definitions for T1/ptm.
)
*geometry* driver: auto-detecting
*geometry* detected driver: pdftex
*geometry* verbose mode - [ preamble ] result:
* driver: pdftex
* paper: a4paper
* layout: <same size as paper>
* layoutoffset:(h,v)=(0.0pt,0.0pt)
* modes: includehead includefoot twoside 
* h-part:(L,W,R)=(99.58464pt, 426.79135pt, 71.13188pt)
* v-part:(T,H,B)=(56.9055pt, 731.23584pt, 56.9055pt)
* \paperwidth=597.50787pt
* \paperheight=845.04684pt
* \textwidth=426.79135pt
* \textheight=661.23584pt
* \oddsidemargin=27.31465pt
* \evensidemargin=-1.1381pt
* \topmargin=-15.36449pt
* \headheight=15.5pt
* \headsep=25.0pt
* \topskip=11.0pt
* \footskip=30.0pt
* \marginparwidth=103.0pt
* \marginparsep=10.0pt
* \columnsep=10.0pt
* \skip\footins=10.0pt plus 4.0pt minus 2.0pt
* \hoffset=0.0pt
* \voffset=0.0pt
* \mag=1000
* \@twocolumnfalse
* \@twosidetrue
* \@mparswitchtrue
* \@reversemarginfalse
* (1in=72.27pt=25.4mm, 1cm=28.453pt)

(/usr/local/texlive/2019/texmf-dist/tex/context/base/mkii/supp-pdf.mkii
[Loading MPS to PDF converter (version 2006.09.02).]
\scratchcounter=\count131
\scratchdimen=\dimen153
\scratchbox=\box34
\nofMPsegments=\count132
\nofMParguments=\count133
\everyMPshowfont=\toks26
\MPscratchCnt=\count134
\MPscratchDim=\dimen154
\MPnumerator=\count135
\makeMPintoPDFobject=\count136
\everyMPtoPDFconversion=\toks27
) (/usr/local/texlive/2019/texmf-dist/tex/latex/oberdiek/epstopdf-base.sty
Package: epstopdf-base 2016/05/15 v2.6 Base part for package epstopdf

(/usr/local/texlive/2019/texmf-dist/tex/latex/oberdiek/grfext.sty
Package: grfext 2016/05/16 v1.2 Manage graphics extensions (HO)
)
Package epstopdf-base Info: Redefining graphics rule for `.eps' on input line 4
38.
Package grfext Info: Graphics extension search list:
(grfext)             [.pdf,.png,.jpg,.mps,.jpeg,.jbig2,.jb2,.PDF,.PNG,.JPG,.JPE
G,.JBIG2,.JB2,.eps]
(grfext)             \AppendGraphicsExtensions on input line 456.

(/usr/local/texlive/2019/texmf-dist/tex/latex/latexconfig/epstopdf-sys.cfg
File: epstopdf-sys.cfg 2010/07/13 v1.3 Configuration of (r)epstopdf for TeX Liv
e
))
Package caption Info: Begin \AtBeginDocument code.
Package caption Info: hyperref package is loaded.
Package caption Info: End \AtBeginDocument code.
\AtBeginShipoutBox=\box35

(/usr/local/texlive/2019/texmf-dist/tex/latex/graphics/color.sty
Package: color 2016/07/10 v1.1e Standard LaTeX Color (DPC)

(/usr/local/texlive/2019/texmf-dist/tex/latex/graphics-cfg/color.cfg
File: color.cfg 2016/01/02 v1.6 sample color configuration
)
Package color Info: Driver file: pdftex.def on input line 147.
)
Package hyperref Info: Link coloring ON on input line 71.

(/usr/local/texlive/2019/texmf-dist/tex/latex/hyperref/nameref.sty
Package: nameref 2016/05/21 v2.44 Cross-referencing by name of section

(/usr/local/texlive/2019/texmf-dist/tex/generic/oberdiek/gettitlestring.sty
Package: gettitlestring 2016/05/16 v1.5 Cleanup title references (HO)
)
\c@section@level=\count137
)
LaTeX Info: Redefining \ref on input line 71.
LaTeX Info: Redefining \pageref on input line 71.
LaTeX Info: Redefining \nameref on input line 71.

(./thesis.out) (./thesis.out)
\@outlinefile=\write3
\openout3 = `thesis.out'.

\@crestbox=\box36
LaTeX Font Info:    Font shape `T1/ptm/bx/n' in size <14.4> not available
(Font)              Font shape `T1/ptm/b/n' tried instead on input line 112.
LaTeX Font Info:    Font shape `T1/ptm/bx/sc' in size <14.4> not available
(Font)              Font shape `T1/ptm/b/sc' tried instead on input line 112.
LaTeX Font Info:    Font shape `T1/ptm/bx/n' in size <24.88> not available
(Font)              Font shape `T1/ptm/b/n' tried instead on input line 112.
<figures/uporto-feup.pdf, id=229, 338.26375pt x 126.4725pt>
File: figures/uporto-feup.pdf Graphic file (type pdf)
<use figures/uporto-feup.pdf>
Package pdftex.def Info: figures/uporto-feup.pdf  used on input line 112.
(pdftex.def)             Requested size: 204.85983pt x 76.59618pt.
 [-3




{/usr/local/texlive/2019/texmf-var/fonts/map/pdftex/updmap/pdftex.map} <./figur
es/uporto-feup.pdf>]
LaTeX Font Info:    Try loading font information for OMS+ptm on input line 112.


(/usr/local/texlive/2019/texmf-dist/tex/latex/psnfss/omsptm.fd
File: omsptm.fd 
)
LaTeX Font Info:    Font shape `OMS/ptm/m/n' in size <10.95> not available
(Font)              Font shape `OMS/cmsy/m/n' tried instead on input line 112.
 [-2

]
\openout2 = `abstract.aux'.


(./abstract.tex
Underfull \hbox (badness 1655) in paragraph at lines 4--5
\T1/ptm/m/n/10.95 Dispositivos robóti-cos pro-gramáveis como \T1/ptm/m/it/10.95
 Au-tonomous Un-der-wa-ter Ve-hi-cles \T1/ptm/m/n/10.95 (AUVs) são
 []


Underfull \hbox (badness 1629) in paragraph at lines 6--7
\T1/ptm/m/n/10.95 en-tre AUVs através do método \T1/ptm/m/it/10.95 Ultra-Short 
Base-line \T1/ptm/m/n/10.95 (USBL). Esta téc-nica baseia-se na
 []

[1




] [2

]) [3] [4


] (./thesis.toc
LaTeX Font Info:    Font shape `T1/ptm/bx/n' in size <10.95> not available
(Font)              Font shape `T1/ptm/b/n' tried instead on input line 2.
LaTeX Font Info:    Try loading font information for OT1+ztmcm on input line 3.


(/usr/local/texlive/2019/texmf-dist/tex/latex/psnfss/ot1ztmcm.fd
File: ot1ztmcm.fd 2000/01/03 Fontinst v1.801 font definitions for OT1/ztmcm.
)
LaTeX Font Info:    Try loading font information for OML+ztmcm on input line 3.


(/usr/local/texlive/2019/texmf-dist/tex/latex/psnfss/omlztmcm.fd
File: omlztmcm.fd 2000/01/03 Fontinst v1.801 font definitions for OML/ztmcm.
)
LaTeX Font Info:    Try loading font information for OMS+ztmcm on input line 3.


(/usr/local/texlive/2019/texmf-dist/tex/latex/psnfss/omsztmcm.fd
File: omsztmcm.fd 2000/01/03 Fontinst v1.801 font definitions for OMS/ztmcm.
)
LaTeX Font Info:    Try loading font information for OMX+ztmcm on input line 3.


(/usr/local/texlive/2019/texmf-dist/tex/latex/psnfss/omxztmcm.fd
File: omxztmcm.fd 2000/01/03 Fontinst v1.801 font definitions for OMX/ztmcm.
)
LaTeX Font Info:    Try loading font information for OT1+ptm on input line 3.

(/usr/local/texlive/2019/texmf-dist/tex/latex/psnfss/ot1ptm.fd
File: ot1ptm.fd 2001/06/04 font definitions for OT1/ptm.
)
LaTeX Font Info:    Font shape `OT1/ptm/bx/n' in size <10.95> not available
(Font)              Font shape `OT1/ptm/b/n' tried instead on input line 3.
LaTeX Font Info:    Font shape `OT1/ptm/bx/n' in size <8> not available
(Font)              Font shape `OT1/ptm/b/n' tried instead on input line 3.
LaTeX Font Info:    Font shape `OT1/ptm/bx/n' in size <6> not available
(Font)              Font shape `OT1/ptm/b/n' tried instead on input line 3.
 [5

])
\tf@toc=\write4
\openout4 = `thesis.toc'.

 [6]
(./thesis.lof)
\tf@lof=\write5
\openout5 = `thesis.lof'.

 [7


] [8

] (./thesis.lot)
\tf@lot=\write6
\openout6 = `thesis.lot'.

 [9

]
\openout2 = `abbrevs.aux'.

 (./abbrevs.tex [10


]) [11] [12


]
\openout2 = `chapter1.aux'.


(./chapter1.tex
Chapter 1.
LaTeX Font Info:    Font shape `T1/ptm/bx/n' in size <20.74> not available
(Font)              Font shape `T1/ptm/b/n' tried instead on input line 1.

Underfull \vbox (badness 4266) has occurred while \output is active []

pdfTeX warning (ext4): destination with the same identifier (name{page.1}) has 
been already used, duplicate ignored
<to be read again> 
                   \relax 
l.19 
      [1


]
Underfull \hbox (badness 1394) in paragraph at lines 28--29
\T1/ptm/m/n/10.95 or-der to im-prove the es-ti-ma-tion pro-cess. Fi-nally, the 
im-ple-mented sys-tem is val-i-dated
 []

)pdfTeX warning (ext4): destination with the same identifier (name{page.2}) has
 been already used, duplicate ignored
<to be read again> 
                   \relax 
l.134 \include{chapter1}
                         [2]
\openout2 = `chapter2.aux'.

 (./chapter2.tex
Chapter 2.

Underfull \hbox (badness 1735) in paragraph at lines 3--4
\T1/ptm/m/n/10.95 This chap-ter presents the fun-da-men-tal con-cepts of un-der
-wa-ter acous-tics en-gi-neer-ing for
 []

LaTeX Font Info:    Font shape `T1/ptm/bx/n' in size <12> not available
(Font)              Font shape `T1/ptm/b/n' tried instead on input line 19.
pdfTeX warning (ext4): destination with the same identifier (name{page.3}) has 
been already used, duplicate ignored
<to be read again> 
                   \relax 
l.23 A
      coustic signals' propagation speed is mainly related with two factors:...
[3



]
<figures/sound-profile.png, id=398, 412.54124pt x 394.47375pt>
File: figures/sound-profile.png Graphic file (type png)
<use figures/sound-profile.png>
Package pdftex.def Info: figures/sound-profile.png  used on input line 27.
(pdftex.def)             Requested size: 256.07741pt x 244.86613pt.
pdfTeX warning (ext4): destination with the same identifier (name{page.4}) has 
been already used, duplicate ignored
<to be read again> 
                   \relax 
l.42 
      [4 <./figures/sound-profile.png>]
<figures/multipath.png, id=410, 564.1075pt x 256.96pt>
File: figures/multipath.png Graphic file (type png)
<use figures/multipath.png>
Package pdftex.def Info: figures/multipath.png  used on input line 45.
(pdftex.def)             Requested size: 298.75264pt x 136.0862pt.

Underfull \vbox (badness 3078) has occurred while \output is active []

pdfTeX warning (ext4): destination with the same identifier (name{page.5}) has 
been already used, duplicate ignored
<to be read again> 
                   \relax 
l.73 
      [5 <./figures/multipath.png>]pdfTeX warning (ext4): destination with the 
same identifier (name{page.6}) has been already used, duplicate ignored
<to be read again> 
                   \relax 
l.104 
       [6]
Underfull \vbox (badness 1817) has occurred while \output is active []

pdfTeX warning (ext4): destination with the same identifier (name{page.7}) has 
been already used, duplicate ignored
<to be read again> 
                   \relax 
l.134 \end{eqnarray}
                     [7]pdfTeX warning (ext4): destination with the same identi
fier (name{page.8}) has been already used, duplicate ignored
<to be read again> 
                   \relax 
l.169 
       [8]
<figures/triangulation.png, id=468, 306.14375pt x 242.9075pt>
File: figures/triangulation.png Graphic file (type png)
<use figures/triangulation.png>
Package pdftex.def Info: figures/triangulation.png  used on input line 191.
(pdftex.def)             Requested size: 170.71393pt x 135.44905pt.
<figures/geotriang.png, id=469, 530.98375pt x 392.46625pt>
File: figures/geotriang.png Graphic file (type png)
<use figures/geotriang.png>
Package pdftex.def Info: figures/geotriang.png  used on input line 204.
(pdftex.def)             Requested size: 213.39568pt x 157.72629pt.
pdfTeX warning (ext4): destination with the same identifier (name{page.9}) has 
been already used, duplicate ignored
<to be read again> 
                   \relax 
l.207 \end{figure}
                   [9]pdfTeX warning (ext4): destination with the same identifi
er (name{page.10}) has been already used, duplicate ignored
<to be read again> 
                   \relax 
l.224 
       [10 <./figures/triangulation.png> <./figures/geotriang.png>]pdfTeX warni
ng (ext4): destination with the same identifier (name{page.11}) has been alread
y used, duplicate ignored
<to be read again> 
                   \relax 
l.253 \end{eqnarray}
                     [11]
<figures/lblsblusbl.png, id=504, 1164.35pt x 872.25874pt>
File: figures/lblsblusbl.png Graphic file (type png)
<use figures/lblsblusbl.png>
Package pdftex.def Info: figures/lblsblusbl.png  used on input line 263.
(pdftex.def)             Requested size: 426.79135pt x 319.72272pt.
pdfTeX warning (ext4): destination with the same identifier (name{page.12}) has
 been already used, duplicate ignored
<to be read again> 
                   \relax 
l.274 A
        complete localization procedure starts with the vehicle sending an a...
[12 <./figures/lblsblusbl.png>] [13]
<figures/usbl-config.png, id=530, 447.6725pt x 419.5675pt>
File: figures/usbl-config.png Graphic file (type png)
<use figures/usbl-config.png>
Package pdftex.def Info: figures/usbl-config.png  used on input line 315.
(pdftex.def)             Requested size: 213.39568pt x 200.00085pt.

Underfull \vbox (badness 10000) has occurred while \output is active []

 [14 <./figures/usbl-config.png>]
Overfull \hbox (3.03284pt too wide) in paragraph at lines 357--357
[]|\T1/ptm/m/n/10.95 Sonardyne|  
 []


Overfull \hbox (3.668pt too wide) in paragraph at lines 365--365
[]|\T1/ptm/m/n/10.95 Kongsberg|  
 []


Overfull \hbox (4.54181pt too wide) in paragraph at lines 346--369
[][] 
 []


Underfull \vbox (badness 1019) has occurred while \output is active []

 [15]
[16] [17]) [18]
\openout2 = `chapter4.aux'.

 (./chapter4.tex
Chapter 3.
<figures/proposed-solution.png, id=588, 898.35625pt x 524.96124pt>
File: figures/proposed-solution.png Graphic file (type png)
<use figures/proposed-solution.png>
Package pdftex.def Info: figures/proposed-solution.png  used on input line 11.
(pdftex.def)             Requested size: 298.75264pt x 174.57545pt.
[19



 <./figures/proposed-solution.png>]
Underfull \hbox (badness 10000) in paragraph at lines 31--33

 []


Underfull \hbox (badness 10000) in paragraph at lines 34--36

 []


Underfull \vbox (badness 1776) has occurred while \output is active []

 [20])
[21]
\openout2 = `chapter5.aux'.

 (./chapter5.tex [22



]
Chapter 4.
[23]
<figures/phase-diff.png, id=620, 2666.96375pt x 1090.0725pt>
File: figures/phase-diff.png Graphic file (type png)
<use figures/phase-diff.png>
Package pdftex.def Info: figures/phase-diff.png  used on input line 77.
(pdftex.def)             Requested size: 512.14832pt x 209.32813pt.

Overfull \hbox (85.35696pt too wide) in paragraph at lines 77--78
 [][] 
 []

[24]
Underfull \hbox (badness 1097) in paragraph at lines 88--89
[]\T1/ptm/m/n/10.95 One pos-si-bil-ity to solve phase am-bi-gu-ity in this sys-
tem would be to place the four
 []


Underfull \vbox (badness 10000) has occurred while \output is active []

 [25 <./figures/phase-diff.png>]
<figures/hyperbole-dist.png, id=638, 2508.37125pt x 1887.05pt>
File: figures/hyperbole-dist.png Graphic file (type png)
<use figures/hyperbole-dist.png>
Package pdftex.def Info: figures/hyperbole-dist.png  used on input line 113.
(pdftex.def)             Requested size: 341.43437pt x 256.84273pt.
 [26]) [27 <./figures/hyperbole-dist.png>]
\openout2 = `chapter6.aux'.

 (./chapter6.tex [28



]
Chapter 5.
[29] [30] [31]
Underfull \hbox (badness 10000) in paragraph at lines 151--172

 []


Underfull \hbox (badness 10000) in paragraph at lines 151--172

 []

) [32]
\openout2 = `chapter7.aux'.

 (./chapter7.tex
Chapter 6.

Underfull \hbox (badness 1057) in paragraph at lines 22--23
[]\T1/ptm/m/n/10.95 Using Ma-chine Learn-ing tech-niques in or-der to find the 
op-ti-mal hy-drophone ar-ray
 []

) [33



] [34


] (./thesis.bbl
Underfull \hbox (badness 2035) in paragraph at lines 4--8
\T1/ptm/m/n/10.95 https://www.deeperblue.com/fifteen-percent-of-ocean-floor-now
-mapped/. [Ac-cessed Oct.
 []

[35

]
Underfull \hbox (badness 5741) in paragraph at lines 89--92
[]\T1/ptm/m/n/10.95 E. GmbH, ``Un-der-wa-ter usbl po-si-tion-ing sys-tems,'' 20
18.  [On-line] Avail-able:
 []


Underfull \hbox (badness 5189) in paragraph at lines 116--120
[]\T1/ptm/m/n/10.95 K. Mar-itime, ``Hipap - high pre-ci-sion acous-tic po-si-ti
on-ing,'' 2016.  [On-line].
 []


Underfull \hbox (badness 10000) in paragraph at lines 116--120
\T1/ptm/m/n/10.95 Avail-able: https://www.kongsberg.com/maritime/products/Acous
tics-Positioning-and-
 []


Underfull \hbox (badness 1102) in paragraph at lines 131--135
\T1/ptm/m/n/10.95 for un-der-wa-ter acous-tic source lo-cal-iza-tion us-ing toa
 mea-sure-ments,'' in \T1/ptm/m/it/10.95 2013 IEEE
 []

)
Package atveryend Info: Empty hook `BeforeClearDocument' on input line 161.
 [36]
Package atveryend Info: Empty hook `AfterLastShipout' on input line 161.
 (./thesis.aux (./abstract.aux) (./abbrevs.aux) (./chapter1.aux)
(./chapter2.aux) (./chapter4.aux) (./chapter5.aux) (./chapter6.aux)
(./chapter7.aux))
Package atveryend Info: Executing hook `AtVeryEndDocument' on input line 161.
Package atveryend Info: Executing hook `AtEndAfterFileList' on input line 161.
Package rerunfilecheck Info: File `thesis.out' has not changed.
(rerunfilecheck)             Checksum: 7FBABFE1A2B3771CE75FD9ED8A7B2535;4050.
Package atveryend Info: Empty hook `AtVeryVeryEnd' on input line 161.
 ) 
Here is how much of TeX's memory you used:
 9476 strings out of 492616
 139062 string characters out of 6129480
 249798 words of memory out of 5000000
 12948 multiletter control sequences out of 15000+600000
 67139 words of font info for 89 fonts, out of 8000000 for 9000
 1141 hyphenation exceptions out of 8191
 43i,16n,45p,893b,579s stack positions out of 5000i,500n,10000p,200000b,80000s
{/usr/local/texlive/2019/texmf-dist/fonts/enc/dvips/base/8r.enc}</usr/local/t
exlive/2019/texmf-dist/fonts/type1/public/amsfonts/cm/cmex10.pfb></usr/local/te
xlive/2019/texmf-dist/fonts/type1/public/amsfonts/cm/cmmi10.pfb></usr/local/tex
live/2019/texmf-dist/fonts/type1/public/amsfonts/cm/cmr10.pfb></usr/local/texli
ve/2019/texmf-dist/fonts/type1/public/amsfonts/cm/cmsy10.pfb></usr/local/texliv
e/2019/texmf-dist/fonts/type1/public/amsfonts/symbols/msbm10.pfb></usr/local/te
xlive/2019/texmf-dist/fonts/type1/public/rsfs/rsfs10.pfb></usr/local/texlive/20
19/texmf-dist/fonts/type1/urw/symbol/usyr.pfb></usr/local/texlive/2019/texmf-di
st/fonts/type1/urw/symbol/usyr.pfb></usr/local/texlive/2019/texmf-dist/fonts/ty
pe1/urw/times/utmb8a.pfb></usr/local/texlive/2019/texmf-dist/fonts/type1/urw/ti
mes/utmr8a.pfb></usr/local/texlive/2019/texmf-dist/fonts/type1/urw/times/utmr8a
.pfb></usr/local/texlive/2019/texmf-dist/fonts/type1/urw/times/utmri8a.pfb>
Output written on thesis.pdf (50 pages, 793784 bytes).
PDF statistics:
 799 PDF objects out of 1000 (max. 8388607)
 707 compressed objects within 8 object streams
 189 named destinations out of 1000 (max. 500000)
 499 words of extra memory for PDF output out of 10000 (max. 10000000)

