\BOOKMARK [0][-]{init.0}{Front Page}{}% 1
\BOOKMARK [0][-]{contents.0}{Table of Contents}{}% 2
\BOOKMARK [0][-]{figures.0}{List of Figures}{}% 3
\BOOKMARK [0][-]{tables.0}{List of Tables}{}% 4
\BOOKMARK [0][-]{chapter.1}{1 Introduction}{}% 5
\BOOKMARK [1][-]{section.1.1}{1.1 Context and Motivation}{chapter.1}% 6
\BOOKMARK [1][-]{section.1.2}{1.2 Objectives}{chapter.1}% 7
\BOOKMARK [1][-]{section.1.3}{1.3 Document Structure}{chapter.1}% 8
\BOOKMARK [0][-]{chapter.2}{2 State of the Art}{}% 9
\BOOKMARK [1][-]{section.2.1}{2.1 Underwater Acoustic Channel}{chapter.2}% 10
\BOOKMARK [2][-]{subsection.2.1.1}{2.1.1 Speed of Sound}{section.2.1}% 11
\BOOKMARK [2][-]{subsection.2.1.2}{2.1.2 Multipath}{section.2.1}% 12
\BOOKMARK [2][-]{subsection.2.1.3}{2.1.3 Doppler Effect}{section.2.1}% 13
\BOOKMARK [2][-]{subsection.2.1.4}{2.1.4 Attenuation and Signal-to-Noise Ratio}{section.2.1}% 14
\BOOKMARK [1][-]{section.2.2}{2.2 Underwater Localization}{chapter.2}% 15
\BOOKMARK [2][-]{subsection.2.2.1}{2.2.1 Range Estimation}{section.2.2}% 16
\BOOKMARK [2][-]{subsection.2.2.2}{2.2.2 Estimation-Based Localization}{section.2.2}% 17
\BOOKMARK [1][-]{section.2.3}{2.3 Underwater Acoustic Positioning Systems}{chapter.2}% 18
\BOOKMARK [2][-]{subsection.2.3.1}{2.3.1 Long Baseline \(LBL\) and Short Baseline \(SBL\)}{section.2.3}% 19
\BOOKMARK [2][-]{subsection.2.3.2}{2.3.2 Ultra-Short Baseline \(USBL\)}{section.2.3}% 20
\BOOKMARK [1][-]{section.2.4}{2.4 Commercial Solutions}{chapter.2}% 21
\BOOKMARK [1][-]{section.2.5}{2.5 Optimization of Sensor Configurations}{chapter.2}% 22
\BOOKMARK [2][-]{subsection.2.5.1}{2.5.1 Cr\341mer-Rao Lower Bound}{section.2.5}% 23
\BOOKMARK [2][-]{subsection.2.5.2}{2.5.2 Optimal Design and Optimality Criteria}{section.2.5}% 24
\BOOKMARK [2][-]{subsection.2.5.3}{2.5.3 Particle Swarm Optimization}{section.2.5}% 25
\BOOKMARK [0][-]{chapter.3}{3 Research Problem}{}% 26
\BOOKMARK [1][-]{section.3.1}{3.1 Problem Statement}{chapter.3}% 27
\BOOKMARK [1][-]{section.3.2}{3.2 Assumptions}{chapter.3}% 28
\BOOKMARK [1][-]{section.3.3}{3.3 Hypothesis and Research Questions}{chapter.3}% 29
\BOOKMARK [1][-]{section.3.4}{3.4 Validation Methods}{chapter.3}% 30
\BOOKMARK [0][-]{chapter.4}{4 Digital Signal Processing }{}% 31
\BOOKMARK [1][-]{section.4.1}{4.1 TDoA Estimation}{chapter.4}% 32
\BOOKMARK [1][-]{section.4.2}{4.2 HDL Module Architecture}{chapter.4}% 33
\BOOKMARK [2][-]{subsection.4.2.1}{4.2.1 Module Components}{section.4.2}% 34
\BOOKMARK [2][-]{subsection.4.2.2}{4.2.2 Implementation Results}{section.4.2}% 35
\BOOKMARK [1][-]{section.4.3}{4.3 Doppler Effect}{chapter.4}% 36
\BOOKMARK [0][-]{chapter.5}{5 Sensor Configuration Performance Evaluation}{}% 37
\BOOKMARK [1][-]{section.5.1}{5.1 Geometry based Position Estimator}{chapter.5}% 38
\BOOKMARK [1][-]{section.5.2}{5.2 Plane Wavefront based Position Estimator}{chapter.5}% 39
\BOOKMARK [1][-]{section.5.3}{5.3 Fisher Information Matrix}{chapter.5}% 40
\BOOKMARK [1][-]{section.5.4}{5.4 Performance Comparison Between Methods}{chapter.5}% 41
\BOOKMARK [2][-]{subsection.5.4.1}{5.4.1 SS Analysis}{section.5.4}% 42
\BOOKMARK [2][-]{subsection.5.4.2}{5.4.2 BS Analysis}{section.5.4}% 43
\BOOKMARK [2][-]{subsection.5.4.3}{5.4.3 Behavioral Analysis}{section.5.4}% 44
\BOOKMARK [1][-]{section.5.5}{5.5 Final Remarks}{chapter.5}% 45
\BOOKMARK [0][-]{chapter.6}{6 Adaptive Configuration Selection Method}{}% 46
\BOOKMARK [1][-]{section.6.1}{6.1 Line of Sight Definition}{chapter.6}% 47
\BOOKMARK [2][-]{subsection.6.1.1}{6.1.1 Practical Evaluation of the Line of Sight Regions}{section.6.1}% 48
\BOOKMARK [1][-]{section.6.2}{6.2 Monte Carlo Approach}{chapter.6}% 49
\BOOKMARK [1][-]{section.6.3}{6.3 Performance Comparison between Geometric Configurations }{chapter.6}% 50
\BOOKMARK [2][-]{subsection.6.3.1}{6.3.1 SS Analysis}{section.6.3}% 51
\BOOKMARK [2][-]{subsection.6.3.2}{6.3.2 BS Analysis}{section.6.3}% 52
\BOOKMARK [1][-]{section.6.4}{6.4 Summary and Discussion}{chapter.6}% 53
\BOOKMARK [0][-]{chapter.7}{7 Conclusions}{}% 54
\BOOKMARK [1][-]{section.7.1}{7.1 Summary}{chapter.7}% 55
\BOOKMARK [1][-]{section.7.2}{7.2 Contributions }{chapter.7}% 56
\BOOKMARK [1][-]{section.7.3}{7.3 Future Work}{chapter.7}% 57
\BOOKMARK [0][-]{appendix.A}{A Complementary Information}{}% 58
\BOOKMARK [1][-]{section.A.1}{A.1 Hydrophone configurations numeration}{appendix.A}% 59
\BOOKMARK [0][-]{section*.61}{References}{}% 60
